# JRE version: OpenJDK Runtime Environment (8.0_242-b01) (build 1.8.0_242-release-1644-b01)
# Java VM: OpenJDK 64-Bit Server VM (25.242-b01 mixed mode windows-amd64 compressed oops)
Heap:
 PSYoungGen      total 626688K, used 180750K [0x00000000d5580000, 0x00000000fe480000, 0x0000000100000000)
  eden space 598016K, 25% used [0x00000000d5580000,0x00000000decfabf8,0x00000000f9d80000)
  from space 28672K, 89% used [0x00000000fc880000,0x00000000fe188f20,0x00000000fe480000)
  to   space 36352K, 0% used [0x00000000f9d80000,0x00000000f9d80000,0x00000000fc100000)
 ParOldGen       total 162304K, used 59726K [0x0000000080000000, 0x0000000089e80000, 0x00000000d5580000)
  object space 162304K, 36% used [0x0000000080000000,0x0000000083a538e0,0x0000000089e80000)
 Metaspace       used 117429K, capacity 122347K, committed 122648K, reserved 1157120K
  class space    used 14858K, capacity 15820K, committed 15912K, reserved 1048576K
GC Heap History (10 events):
Event: 54.772 GC heap before
{Heap before GC invocations=24 (full 3):
 PSYoungGen      total 481792K, used 480145K [0x00000000d5580000, 0x00000000f4e80000, 0x0000000100000000)
  eden space 465920K, 100% used [0x00000000d5580000,0x00000000f1c80000,0x00000000f1c80000)
  from space 15872K, 89% used [0x00000000f3f00000,0x00000000f4ce45f0,0x00000000f4e80000)
  to   space 25600K, 0% used [0x00000000f1c80000,0x00000000f1c80000,0x00000000f3580000)
 ParOldGen       total 104960K, used 39242K [0x0000000080000000, 0x0000000086680000, 0x00000000d5580000)
  object space 104960K, 37% used [0x0000000080000000,0x0000000082652b68,0x0000000086680000)
 Metaspace       used 89840K, capacity 94699K, committed 94872K, reserved 1130496K
  class space    used 11917K, capacity 12841K, committed 12968K, reserved 1048576K
Event: 54.822 GC heap after
Heap after GC invocations=24 (full 3):
 PSYoungGen      total 491520K, used 25579K [0x00000000d5580000, 0x00000000f9c00000, 0x0000000100000000)
  eden space 465920K, 0% used [0x00000000d5580000,0x00000000d5580000,0x00000000f1c80000)
  from space 25600K, 99% used [0x00000000f1c80000,0x00000000f357ae50,0x00000000f3580000)
  to   space 31744K, 0% used [0x00000000f7d00000,0x00000000f7d00000,0x00000000f9c00000)
 ParOldGen       total 104960K, used 45922K [0x0000000080000000, 0x0000000086680000, 0x00000000d5580000)
  object space 104960K, 43% used [0x0000000080000000,0x0000000082cd89b0,0x0000000086680000)
 Metaspace       used 89840K, capacity 94699K, committed 94872K, reserved 1130496K
  class space    used 11917K, capacity 12841K, committed 12968K, reserved 1048576K
}
Event: 57.287 GC heap before
{Heap before GC invocations=25 (full 3):
 PSYoungGen      total 491520K, used 123982K [0x00000000d5580000, 0x00000000f9c00000, 0x0000000100000000)
  eden space 465920K, 21% used [0x00000000d5580000,0x00000000db598d48,0x00000000f1c80000)
  from space 25600K, 99% used [0x00000000f1c80000,0x00000000f357ae50,0x00000000f3580000)
  to   space 31744K, 0% used [0x00000000f7d00000,0x00000000f7d00000,0x00000000f9c00000)
 ParOldGen       total 104960K, used 45922K [0x0000000080000000, 0x0000000086680000, 0x00000000d5580000)
  object space 104960K, 43% used [0x0000000080000000,0x0000000082cd89b0,0x0000000086680000)
 Metaspace       used 93305K, capacity 98441K, committed 98584K, reserved 1134592K
  class space    used 12284K, capacity 13264K, committed 13352K, reserved 1048576K
Event: 57.312 GC heap after
Heap after GC invocations=25 (full 3):
 PSYoungGen      total 551424K, used 15879K [0x00000000d5580000, 0x00000000f9480000, 0x0000000100000000)
  eden space 527360K, 0% used [0x00000000d5580000,0x00000000d5580000,0x00000000f5880000)
  from space 24064K, 65% used [0x00000000f7d00000,0x00000000f8c81cc0,0x00000000f9480000)
  to   space 30720K, 0% used [0x00000000f5880000,0x00000000f5880000,0x00000000f7680000)
 ParOldGen       total 104960K, used 55406K [0x0000000080000000, 0x0000000086680000, 0x00000000d5580000)
  object space 104960K, 52% used [0x0000000080000000,0x000000008361b8b8,0x0000000086680000)
 Metaspace       used 93305K, capacity 98441K, committed 98584K, reserved 1134592K
  class space    used 12284K, capacity 13264K, committed 13352K, reserved 1048576K
}
Event: 57.328 GC heap before
{Heap before GC invocations=26 (full 4):
 PSYoungGen      total 551424K, used 15879K [0x00000000d5580000, 0x00000000f9480000, 0x0000000100000000)
  eden space 527360K, 0% used [0x00000000d5580000,0x00000000d5580000,0x00000000f5880000)
  from space 24064K, 65% used [0x00000000f7d00000,0x00000000f8c81cc0,0x00000000f9480000)
  to   space 30720K, 0% used [0x00000000f5880000,0x00000000f5880000,0x00000000f7680000)
 ParOldGen       total 104960K, used 55406K [0x0000000080000000, 0x0000000086680000, 0x00000000d5580000)
  object space 104960K, 52% used [0x0000000080000000,0x000000008361b8b8,0x0000000086680000)
 Metaspace       used 93305K, capacity 98441K, committed 98584K, reserved 1134592K
  class space    used 12284K, capacity 13264K, committed 13352K, reserved 1048576K
Event: 57.646 GC heap after
Heap after GC invocations=26 (full 4):
 PSYoungGen      total 551424K, used 0K [0x00000000d5580000, 0x00000000f9480000, 0x0000000100000000)
  eden space 527360K, 0% used [0x00000000d5580000,0x00000000d5580000,0x00000000f5880000)
  from space 24064K, 0% used [0x00000000f7d00000,0x00000000f7d00000,0x00000000f9480000)
  to   space 30720K, 0% used [0x00000000f5880000,0x00000000f5880000,0x00000000f7680000)
 ParOldGen       total 162304K, used 59702K [0x0000000080000000, 0x0000000089e80000, 0x00000000d5580000)
  object space 162304K, 36% used [0x0000000080000000,0x0000000083a4d8e0,0x0000000089e80000)
 Metaspace       used 92914K, capacity 97387K, committed 98584K, reserved 1134592K
  class space    used 12153K, capacity 13031K, committed 13352K, reserved 1048576K
}
Event: 64.333 GC heap before
{Heap before GC invocations=27 (full 4):
 PSYoungGen      total 551424K, used 527360K [0x00000000d5580000, 0x00000000f9480000, 0x0000000100000000)
  eden space 527360K, 100% used [0x00000000d5580000,0x00000000f5880000,0x00000000f5880000)
  from space 24064K, 0% used [0x00000000f7d00000,0x00000000f7d00000,0x00000000f9480000)
  to   space 30720K, 0% used [0x00000000f5880000,0x00000000f5880000,0x00000000f7680000)
 ParOldGen       total 162304K, used 59702K [0x0000000080000000, 0x0000000089e80000, 0x00000000d5580000)
  object space 162304K, 36% used [0x0000000080000000,0x0000000083a4d8e0,0x0000000089e80000)
 Metaspace       used 106907K, capacity 111425K, committed 112408K, reserved 1146880K
  class space    used 13771K, capacity 14615K, committed 14888K, reserved 1048576K
Event: 64.459 GC heap after
Heap after GC invocations=27 (full 4):
 PSYoungGen      total 558080K, used 28984K [0x00000000d5580000, 0x00000000fea00000, 0x0000000100000000)
  eden space 527360K, 0% used [0x00000000d5580000,0x00000000d5580000,0x00000000f5880000)
  from space 30720K, 94% used [0x00000000f5880000,0x00000000f74ce0f8,0x00000000f7680000)
  to   space 34304K, 0% used [0x00000000fc880000,0x00000000fc880000,0x00000000fea00000)
 ParOldGen       total 162304K, used 59718K [0x0000000080000000, 0x0000000089e80000, 0x00000000d5580000)
  object space 162304K, 36% used [0x0000000080000000,0x0000000083a518e0,0x0000000089e80000)
 Metaspace       used 106907K, capacity 111425K, committed 112408K, reserved 1146880K
  class space    used 13771K, capacity 14615K, committed 14888K, reserved 1048576K
}
Event: 126.411 GC heap before
{Heap before GC invocations=28 (full 4):
 PSYoungGen      total 558080K, used 556344K [0x00000000d5580000, 0x00000000fea00000, 0x0000000100000000)
  eden space 527360K, 100% used [0x00000000d5580000,0x00000000f5880000,0x00000000f5880000)
  from space 30720K, 94% used [0x00000000f5880000,0x00000000f74ce0f8,0x00000000f7680000)
  to   space 34304K, 0% used [0x00000000fc880000,0x00000000fc880000,0x00000000fea00000)
 ParOldGen       total 162304K, used 59718K [0x0000000080000000, 0x0000000089e80000, 0x00000000d5580000)
  object space 162304K, 36% used [0x0000000080000000,0x0000000083a518e0,0x0000000089e80000)
 Metaspace       used 117303K, capacity 122261K, committed 122648K, reserved 1157120K
  class space    used 14856K, capacity 15817K, committed 15912K, reserved 1048576K
Event: 126.724 GC heap after
Heap after GC invocations=28 (full 4):
 PSYoungGen      total 626688K, used 25635K [0x00000000d5580000, 0x00000000fe480000, 0x0000000100000000)
  eden space 598016K, 0% used [0x00000000d5580000,0x00000000d5580000,0x00000000f9d80000)
  from space 28672K, 89% used [0x00000000fc880000,0x00000000fe188f20,0x00000000fe480000)
  to   space 36352K, 0% used [0x00000000f9d80000,0x00000000f9d80000,0x00000000fc100000)
 ParOldGen       total 162304K, used 59726K [0x0000000080000000, 0x0000000089e80000, 0x00000000d5580000)
  object space 162304K, 36% used [0x0000000080000000,0x0000000083a538e0,0x0000000089e80000)
 Metaspace       used 117303K, capacity 122261K, committed 122648K, reserved 1157120K
  class space    used 14856K, capacity 15817K, committed 15912K, reserved 1048576K
}

